<?xml version="1.0" encoding="UTF-8"?>
<!-- Generated by org.testng.reporters.JUnitXMLReporter -->
<testsuite hostname="Ravi" name="Loan EMI Calc2" tests="1" failures="1" timestamp="8 Apr 2016 22:10:51 GMT" time="0.039" errors="0">
  <testcase name="mainclass" time="0.035" classname="myPackage.loanCalc">
    <failure type="java.lang.IllegalStateException" message="Cannot get a text value from a numeric cell">
      <![CDATA[java.lang.IllegalStateException: Cannot get a text value from a numeric cell
	at org.apache.poi.xssf.usermodel.XSSFCell.typeMismatch(XSSFCell.java:994)
	at org.apache.poi.xssf.usermodel.XSSFCell.getRichStringCellValue(XSSFCell.java:399)
	at org.apache.poi.xssf.usermodel.XSSFCell.getStringCellValue(XSSFCell.java:351)
	at myPackage.loanCalc.mainclass(loanCalc.java:46)
... Removed 25 stack frames]]>
    </failure>
  </testcase> <!-- mainclass -->
</testsuite> <!-- Loan EMI Calc2 -->
